[debug] [2025-09-23T14:33:33.710Z] ----------------------------------------------------------------------
[debug] [2025-09-23T14:33:33.712Z] Command:       /usr/local/share/nvm/versions/node/v22.17.0/bin/node /home/codespace/nvm/current/bin/firebase init hosting
[debug] [2025-09-23T14:33:33.712Z] CLI Version:   14.17.0
[debug] [2025-09-23T14:33:33.712Z] Platform:      linux
[debug] [2025-09-23T14:33:33.712Z] Node Version:  v22.17.0
[debug] [2025-09-23T14:33:33.713Z] Time:          Tue Sep 23 2025 14:33:33 GMT+0000 (Coordinated Universal Time)
[debug] [2025-09-23T14:33:33.713Z] Env Overrides: GITHUB_API_URL, GITHUB_API_URL
[debug] [2025-09-23T14:33:33.713Z] ----------------------------------------------------------------------
[debug] 
[debug] [2025-09-23T14:33:33.717Z] > command requires scopes: ["email","openid","https://www.googleapis.com/auth/cloudplatformprojects.readonly","https://www.googleapis.com/auth/firebase","https://www.googleapis.com/auth/cloud-platform"]
[debug] [2025-09-23T14:33:33.717Z] > authorizing via signed-in user (aleckymuruga@gmail.com)
[info] 
     ######## #### ########  ######## ########     ###     ######  ########
     ##        ##  ##     ## ##       ##     ##  ##   ##  ##       ##
     ######    ##  ########  ######   ########  #########  ######  ######
     ##        ##  ##    ##  ##       ##     ## ##     ##       ## ##
     ##       #### ##     ## ######## ########  ##     ##  ######  ########

You're about to initialize a Firebase project in this directory:

  /workspaces/potential-doodle/beverage_e-commerce app

Before we get started, keep in mind:

  * You are currently outside your home directory

[info] 
=== Project Setup
[info] 
[info] First, let's associate this project directory with a Firebase project.
[info] You can create multiple project aliases by running firebase use --add, 
[info] but for now we'll just set up a default project.
[info] 
[debug] [2025-09-23T14:33:53.095Z] Checked if tokens are valid: true, expires at: 1758641567043
[debug] [2025-09-23T14:33:53.096Z] Checked if tokens are valid: true, expires at: 1758641567043
[debug] [2025-09-23T14:33:53.097Z] >>> [apiv2][query] GET https://firebase.googleapis.com/v1beta1/projects pageSize=100
[debug] [2025-09-23T14:33:53.890Z] <<< [apiv2][status] GET https://firebase.googleapis.com/v1beta1/projects 200
[debug] [2025-09-23T14:33:53.890Z] <<< [apiv2][body] GET https://firebase.googleapis.com/v1beta1/projects [omitted]
[info] i  Using project my-first-app-8178a (my-first-app) 
[info] 
=== Hosting Setup
[debug] [2025-09-23T14:35:35.622Z] Checked if tokens are valid: true, expires at: 1758641567043
[debug] [2025-09-23T14:35:35.622Z] Checked if tokens are valid: true, expires at: 1758641567043
[debug] [2025-09-23T14:35:35.622Z] >>> [apiv2][query] GET https://firebase.googleapis.com/v1beta1/projects/my-first-app-8178a [none]
[debug] [2025-09-23T14:35:36.058Z] <<< [apiv2][status] GET https://firebase.googleapis.com/v1beta1/projects/my-first-app-8178a 200
[debug] [2025-09-23T14:35:36.059Z] <<< [apiv2][body] GET https://firebase.googleapis.com/v1beta1/projects/my-first-app-8178a {"projectId":"my-first-app-8178a","projectNumber":"920417995869","displayName":"my-first-app","name":"projects/my-first-app-8178a","resources":{"hostingSite":"my-first-app-8178a"},"state":"ACTIVE","etag":"1_3c618e57-62c3-41b2-9a5e-402d3030fcb2"}
[info] 
[info] Your public directory is the folder (relative to your project directory) that
[info] will contain Hosting assets to be uploaded with firebase deploy. If you
[info] have a build process for your assets, use your build's output directory.
[info] 
[debug] [2025-09-23T14:37:27.189Z] >>> [apiv2][query] GET https://www.gstatic.com/firebasejs/releases.json [none]
[debug] [2025-09-23T14:37:27.234Z] <<< [apiv2][status] GET https://www.gstatic.com/firebasejs/releases.json 200
[debug] [2025-09-23T14:37:27.234Z] <<< [apiv2][body] GET https://www.gstatic.com/firebasejs/releases.json {"current":{"version":"12.3.0","browserURL":"https://www.gstatic.com/firebasejs/12.3.0/firebase.js","packageURL":"https://www.gstatic.com/firebasejs/12.3.0/firebase.tgz"},"live":{"version":"12.3","browserURL":"https://www.gstatic.com/firebasejs/live/12.3/firebase.js","packageURL":"https://www.gstatic.com/firebasejs/live/12.3/firebase.tgz"},"components":{"ai":"https://www.gstatic.com/firebasejs/12.3.0/firebase-ai.js","analytics":"https://www.gstatic.com/firebasejs/12.3.0/firebase-analytics.js","app":"https://www.gstatic.com/firebasejs/12.3.0/firebase-app.js","app-check":"https://www.gstatic.com/firebasejs/12.3.0/firebase-app-check.js","auth":"https://www.gstatic.com/firebasejs/12.3.0/firebase-auth.js","auth/cordova":"https://www.gstatic.com/firebasejs/12.3.0/firebase-auth/cordova.js","auth/web-extension":"https://www.gstatic.com/firebasejs/12.3.0/firebase-auth/web-extension.js","functions":"https://www.gstatic.com/firebasejs/12.3.0/firebase-functions.js","firestore":"https://www.gstatic.com/firebasejs/12.3.0/firebase-firestore.js","firestore/lite":"https://www.gstatic.com/firebasejs/12.3.0/firebase-firestore/lite.js","installations":"https://www.gstatic.com/firebasejs/12.3.0/firebase-installations.js","storage":"https://www.gstatic.com/firebasejs/12.3.0/firebase-storage.js","performance":"https://www.gstatic.com/firebasejs/12.3.0/firebase-performance.js","remote-config":"https://www.gstatic.com/firebasejs/12.3.0/firebase-remote-config.js","messaging":"https://www.gstatic.com/firebasejs/12.3.0/firebase-messaging.js","messaging/sw":"https://www.gstatic.com/firebasejs/12.3.0/firebase-messaging/sw.js","database":"https://www.gstatic.com/firebasejs/12.3.0/firebase-database.js","data-connect":"https://www.gstatic.com/firebasejs/12.3.0/firebase-data-connect.js","firestore.memory":"https://www.gstatic.com/firebasejs/12.3.0/firebase-firestore.memory.js"}}
[info] ✔  Wrote firebase init hosting/index.html 
[info] 
[info] i  Detected a .git folder at /workspaces/potential-doodle 
[info] i  Authorizing with GitHub to upload your service account to a GitHub repository's secrets store. 
[info] 
[info] Visit this URL on this device to log in:
[info] https://github.com/login/oauth/authorize?client_id=89cf50f02ac6aaed3484&state=378692016&redirect_uri=http%3A%2F%2Flocalhost%3A9005&scope=read%3Auser%20repo%20public_repo
[info] 
[info] Waiting for authentication...
[debug] [2025-09-23T14:43:27.470Z] ----------------------------------------------------------------------
[debug] [2025-09-23T14:43:27.472Z] Command:       /usr/local/share/nvm/versions/node/v22.17.0/bin/node /home/codespace/nvm/current/bin/firebase init hosting
[debug] [2025-09-23T14:43:27.473Z] CLI Version:   14.17.0
[debug] [2025-09-23T14:43:27.473Z] Platform:      linux
[debug] [2025-09-23T14:43:27.473Z] Node Version:  v22.17.0
[debug] [2025-09-23T14:43:27.474Z] Time:          Tue Sep 23 2025 14:43:27 GMT+0000 (Coordinated Universal Time)
[debug] [2025-09-23T14:43:27.474Z] Env Overrides: GITHUB_API_URL, GITHUB_API_URL
[debug] [2025-09-23T14:43:27.474Z] ----------------------------------------------------------------------
[debug] 
[debug] [2025-09-23T14:43:27.481Z] > command requires scopes: ["email","openid","https://www.googleapis.com/auth/cloudplatformprojects.readonly","https://www.googleapis.com/auth/firebase","https://www.googleapis.com/auth/cloud-platform"]
[debug] [2025-09-23T14:43:27.482Z] > authorizing via signed-in user (aleckymuruga@gmail.com)
[info] 
     ######## #### ########  ######## ########     ###     ######  ########
     ##        ##  ##     ## ##       ##     ##  ##   ##  ##       ##
     ######    ##  ########  ######   ########  #########  ######  ######
     ##        ##  ##    ##  ##       ##     ## ##     ##       ## ##
     ##       #### ##     ## ######## ########  ##     ##  ######  ########

You're about to initialize a Firebase project in this directory:

  /workspaces/potential-doodle/beverage_e-commerce app

Before we get started, keep in mind:

  * You are currently outside your home directory

[info] 
=== Project Setup
[info] 
[info] First, let's associate this project directory with a Firebase project.
[info] You can create multiple project aliases by running firebase use --add, 
[info] but for now we'll just set up a default project.
[info] 
[debug] [2025-09-23T14:43:27.484Z] Using project from CLI flag: my-first-app-8178a
[debug] [2025-09-23T14:43:27.485Z] Checked if tokens are valid: true, expires at: 1758641567043
[debug] [2025-09-23T14:43:27.485Z] Checked if tokens are valid: true, expires at: 1758641567043
[debug] [2025-09-23T14:43:27.486Z] >>> [apiv2][query] GET https://firebase.googleapis.com/v1beta1/projects/my-first-app-8178a [none]
[debug] [2025-09-23T14:43:27.975Z] <<< [apiv2][status] GET https://firebase.googleapis.com/v1beta1/projects/my-first-app-8178a 200
[debug] [2025-09-23T14:43:27.975Z] <<< [apiv2][body] GET https://firebase.googleapis.com/v1beta1/projects/my-first-app-8178a {"projectId":"my-first-app-8178a","projectNumber":"920417995869","displayName":"my-first-app","name":"projects/my-first-app-8178a","resources":{"hostingSite":"my-first-app-8178a"},"state":"ACTIVE","etag":"1_3c618e57-62c3-41b2-9a5e-402d3030fcb2"}
[info] i  Using project my-first-app-8178a (my-first-app) 
[info] 
=== Hosting Setup
[debug] [2025-09-23T14:43:28.114Z] Checked if tokens are valid: true, expires at: 1758641567043
[debug] [2025-09-23T14:43:28.114Z] Checked if tokens are valid: true, expires at: 1758641567043
[debug] [2025-09-23T14:43:28.116Z] >>> [apiv2][query] GET https://firebase.googleapis.com/v1beta1/projects/my-first-app-8178a [none]
[debug] [2025-09-23T14:43:28.472Z] <<< [apiv2][status] GET https://firebase.googleapis.com/v1beta1/projects/my-first-app-8178a 200
[debug] [2025-09-23T14:43:28.473Z] <<< [apiv2][body] GET https://firebase.googleapis.com/v1beta1/projects/my-first-app-8178a {"projectId":"my-first-app-8178a","projectNumber":"920417995869","displayName":"my-first-app","name":"projects/my-first-app-8178a","resources":{"hostingSite":"my-first-app-8178a"},"state":"ACTIVE","etag":"1_3c618e57-62c3-41b2-9a5e-402d3030fcb2"}
[info] 
[info] Your public directory is the folder (relative to your project directory) that
[info] will contain Hosting assets to be uploaded with firebase deploy. If you
[info] have a build process for your assets, use your build's output directory.
[info] 
[debug] [2025-09-23T14:44:26.022Z] >>> [apiv2][query] GET https://www.gstatic.com/firebasejs/releases.json [none]
[debug] [2025-09-23T14:44:26.091Z] <<< [apiv2][status] GET https://www.gstatic.com/firebasejs/releases.json 200
[debug] [2025-09-23T14:44:26.091Z] <<< [apiv2][body] GET https://www.gstatic.com/firebasejs/releases.json {"current":{"version":"12.3.0","browserURL":"https://www.gstatic.com/firebasejs/12.3.0/firebase.js","packageURL":"https://www.gstatic.com/firebasejs/12.3.0/firebase.tgz"},"live":{"version":"12.3","browserURL":"https://www.gstatic.com/firebasejs/live/12.3/firebase.js","packageURL":"https://www.gstatic.com/firebasejs/live/12.3/firebase.tgz"},"components":{"ai":"https://www.gstatic.com/firebasejs/12.3.0/firebase-ai.js","analytics":"https://www.gstatic.com/firebasejs/12.3.0/firebase-analytics.js","app":"https://www.gstatic.com/firebasejs/12.3.0/firebase-app.js","app-check":"https://www.gstatic.com/firebasejs/12.3.0/firebase-app-check.js","auth":"https://www.gstatic.com/firebasejs/12.3.0/firebase-auth.js","auth/cordova":"https://www.gstatic.com/firebasejs/12.3.0/firebase-auth/cordova.js","auth/web-extension":"https://www.gstatic.com/firebasejs/12.3.0/firebase-auth/web-extension.js","functions":"https://www.gstatic.com/firebasejs/12.3.0/firebase-functions.js","firestore":"https://www.gstatic.com/firebasejs/12.3.0/firebase-firestore.js","firestore/lite":"https://www.gstatic.com/firebasejs/12.3.0/firebase-firestore/lite.js","installations":"https://www.gstatic.com/firebasejs/12.3.0/firebase-installations.js","storage":"https://www.gstatic.com/firebasejs/12.3.0/firebase-storage.js","performance":"https://www.gstatic.com/firebasejs/12.3.0/firebase-performance.js","remote-config":"https://www.gstatic.com/firebasejs/12.3.0/firebase-remote-config.js","messaging":"https://www.gstatic.com/firebasejs/12.3.0/firebase-messaging.js","messaging/sw":"https://www.gstatic.com/firebasejs/12.3.0/firebase-messaging/sw.js","database":"https://www.gstatic.com/firebasejs/12.3.0/firebase-database.js","data-connect":"https://www.gstatic.com/firebasejs/12.3.0/firebase-data-connect.js","firestore.memory":"https://www.gstatic.com/firebasejs/12.3.0/firebase-firestore.memory.js"}}
[info] ✔  Wrote yes/index.html 
[info] 
[info] i  Detected a .git folder at /workspaces/potential-doodle 
[info] i  Authorizing with GitHub to upload your service account to a GitHub repository's secrets store. 
[info] 
[info] Visit this URL on this device to log in:
[info] https://github.com/login/oauth/authorize?client_id=89cf50f02ac6aaed3484&state=886433092&redirect_uri=http%3A%2F%2Flocalhost%3A9006&scope=read%3Auser%20repo%20public_repo
[info] 
[info] Waiting for authentication...
